<?xml version="1.0" encoding="UTF-8"?>
<testsuite name="primarySearch" tests="1" skipped="0" failures="0" errors="0" timestamp="2020-01-20T16:02:08" hostname="pc-368" time="258.759">
  <properties/>
  <testcase name="searchFen" classname="primarySearch" time="258.759"/>
  <system-out><![CDATA[No data in grid
]]></system-out>
  <system-err><![CDATA[SLF4J: Failed to load class "org.slf4j.impl.StaticLoggerBinder".
SLF4J: Defaulting to no-operation (NOP) logger implementation
SLF4J: See http://www.slf4j.org/codes.html#StaticLoggerBinder for further details.
Starting ChromeDriver 79.0.3945.36 (3582db32b33893869b8c1339e8f4d9ed1816f143-refs/branch-heads/3945@{#614}) on port 13992
Only local connections are allowed.
Please protect ports used by ChromeDriver and related test frameworks to prevent access by malicious code.
янв. 20, 2020 7:03:25 PM org.openqa.selenium.remote.ProtocolHandshake createSession
INFO: Detected dialect: W3C
]]></system-err>
</testsuite>
