<?xml version="1.0" encoding="UTF-8"?>
<testsuite name="primarySearch" tests="1" skipped="0" failures="0" errors="0" timestamp="2020-01-13T14:22:07" hostname="pc-368" time="6.448">
  <properties/>
  <testcase name="userCanLoginByUsername" classname="primarySearch" time="6.448"/>
  <system-out><![CDATA[]]></system-out>
  <system-err><![CDATA[SLF4J: Failed to load class "org.slf4j.impl.StaticLoggerBinder".
SLF4J: Defaulting to no-operation (NOP) logger implementation
SLF4J: See http://www.slf4j.org/codes.html#StaticLoggerBinder for further details.
Starting ChromeDriver 79.0.3945.36 (3582db32b33893869b8c1339e8f4d9ed1816f143-refs/branch-heads/3945@{#614}) on port 47733
Only local connections are allowed.
Please protect ports used by ChromeDriver and related test frameworks to prevent access by malicious code.
янв. 13, 2020 5:22:12 PM org.openqa.selenium.remote.ProtocolHandshake createSession
INFO: Detected dialect: W3C
]]></system-err>
</testsuite>
